Listening for transport dt_socket at address: 8000
15:40:09,609 INFO  ~ Starting /home/sagynysh/workspace/unifaces2
15:40:10,368 WARN  ~ You're running Play! in DEV mode
15:40:10,431 INFO  ~ Listening for HTTP at /127.0.0.1:9000 (Waiting a first request to start) ...
~ Server is up and running
15:40:42,263 INFO  ~ Connected to jdbc:postgresql:unifaces for default
15:40:43,379 INFO  ~ Application 'unifaces2' is now started !
15:40:56,087 INFO  ~ SAGYNYSH.BAITURSINOV@NU.EDU.KZ
15:40:56,147 WARN  ~ [DEPRECATION] Encountered positional parameter near line 1, column 35.  Positional parameter are considered deprecated; use named parameters or JPA-style positional parameters instead.
15:40:58,416 INFO  ~ SAGYNYSH.BAITURSINOV@NU.EDU.KZ
15:41:19,139 INFO  ~ SAGYNYSH.BAITURSINOV@NU.EDU.KZ
15:41:19,479 INFO  ~ 711 AAAAAAaa
15:41:53,192 INFO  ~ SAGYNYSH.BAITURSINOV@NU.EDU.KZ
15:42:00,889 INFO  ~ SAGYNYSH.BAITURSINOV@NU.EDU.KZ
15:42:02,451 INFO  ~ SAGYNYSH.BAITURSINOV@NU.EDU.KZ
15:42:05,302 INFO  ~ SAGYNYSH.BAITURSINOV@NU.EDU.KZ
15:42:54,786 INFO  ~ SAGYNYSH.BAITURSINOV@NU.EDU.KZ
15:43:02,354 INFO  ~ SAGYNYSH.BAITURSINOV@NU.EDU.KZ
15:43:08,763 INFO  ~ SAGYNYSH.BAITURSINOV@NU.EDU.KZ
15:43:37,771 INFO  ~ SAGYNYSH.BAITURSINOV@NU.EDU.KZ
15:43:42,519 INFO  ~ SAGYNYSH.BAITURSINOV@NU.EDU.KZ
15:43:51,982 INFO  ~ SAGYNYSH.BAITURSINOV@NU.EDU.KZ
15:44:28,477 INFO  ~ SAGYNYSH.BAITURSINOV@NU.EDU.KZ
15:44:38,127 INFO  ~ SAGYNYSH.BAITURSINOV@NU.EDU.KZ
15:44:47,828 INFO  ~ SAGYNYSH.BAITURSINOV@NU.EDU.KZ
15:45:11,269 INFO  ~ SAGYNYSH.BAITURSINOV@NU.EDU.KZ
15:46:21,704 INFO  ~ SAGYNYSH.BAITURSINOV@NU.EDU.KZ
15:46:28,379 INFO  ~ SAGYNYSH.BAITURSINOV@NU.EDU.KZ
15:46:29,429 INFO  ~ SAGYNYSH.BAITURSINOV@NU.EDU.KZ
15:46:34,019 INFO  ~ SAGYNYSH.BAITURSINOV@NU.EDU.KZ
15:46:42,673 INFO  ~ SAGYNYSH.BAITURSINOV@NU.EDU.KZ
15:46:43,655 INFO  ~ SAGYNYSH.BAITURSINOV@NU.EDU.KZ
15:52:26,732 INFO  ~ SAGYNYSH.BAITURSINOV@NU.EDU.KZ
15:52:26,737 WARN  ~ [DEPRECATION] Encountered positional parameter near line 1, column 35.  Positional parameter are considered deprecated; use named parameters or JPA-style positional parameters instead.
15:52:27,857 INFO  ~ SAGYNYSH.BAITURSINOV@NU.EDU.KZ
15:52:38,181 INFO  ~ SAGYNYSH.BAITURSINOV@NU.EDU.KZ
15:54:20,630 INFO  ~ SAGYNYSH.BAITURSINOV@NU.EDU.KZ
15:54:31,353 INFO  ~ SAGYNYSH.BAITURSINOV@NU.EDU.KZ
16:23:09,232 INFO  ~ SAGYNYSH.BAITURSINOV@NU.EDU.KZ
16:23:09,235 WARN  ~ [DEPRECATION] Encountered positional parameter near line 1, column 35.  Positional parameter are considered deprecated; use named parameters or JPA-style positional parameters instead.
16:23:10,492 INFO  ~ SAGYNYSH.BAITURSINOV@NU.EDU.KZ
16:23:14,962 INFO  ~ SAGYNYSH.BAITURSINOV@NU.EDU.KZ
16:23:14,970 WARN  ~ [DEPRECATION] Encountered positional parameter near line 1, column 34.  Positional parameter are considered deprecated; use named parameters or JPA-style positional parameters instead.
16:26:24,921 INFO  ~ SAGYNYSH.BAITURSINOV@NU.EDU.KZ
16:26:24,923 WARN  ~ [DEPRECATION] Encountered positional parameter near line 1, column 35.  Positional parameter are considered deprecated; use named parameters or JPA-style positional parameters instead.
16:26:24,933 WARN  ~ [DEPRECATION] Encountered positional parameter near line 1, column 34.  Positional parameter are considered deprecated; use named parameters or JPA-style positional parameters instead.
16:26:35,250 INFO  ~ SAGYNYSH.BAITURSINOV@NU.EDU.KZ
16:27:08,317 INFO  ~ SAGYNYSH.BAITURSINOV@NU.EDU.KZ
16:27:08,320 WARN  ~ [DEPRECATION] Encountered positional parameter near line 1, column 35.  Positional parameter are considered deprecated; use named parameters or JPA-style positional parameters instead.
16:27:08,327 WARN  ~ [DEPRECATION] Encountered positional parameter near line 1, column 34.  Positional parameter are considered deprecated; use named parameters or JPA-style positional parameters instead.
18:12:55,655 INFO  ~ SAGYNYSH.BAITURSINOV@NU.EDU.KZ
18:12:55,657 WARN  ~ [DEPRECATION] Encountered positional parameter near line 1, column 35.  Positional parameter are considered deprecated; use named parameters or JPA-style positional parameters instead.
18:12:56,667 INFO  ~ SAGYNYSH.BAITURSINOV@NU.EDU.KZ
18:13:34,632 INFO  ~ SAGYNYSH.BAITURSINOV@NU.EDU.KZ
18:13:35,987 INFO  ~ SAGYNYSH.BAITURSINOV@NU.EDU.KZ
18:13:37,131 INFO  ~ SAGYNYSH.BAITURSINOV@NU.EDU.KZ
18:14:13,510 INFO  ~ SAGYNYSH.BAITURSINOV@NU.EDU.KZ
18:14:15,109 INFO  ~ SAGYNYSH.BAITURSINOV@NU.EDU.KZ
18:14:16,054 INFO  ~ SAGYNYSH.BAITURSINOV@NU.EDU.KZ
18:14:21,887 INFO  ~ SAGYNYSH.BAITURSINOV@NU.EDU.KZ
18:14:22,896 INFO  ~ SAGYNYSH.BAITURSINOV@NU.EDU.KZ
18:14:23,765 INFO  ~ SAGYNYSH.BAITURSINOV@NU.EDU.KZ
